# JRE version: OpenJDK Runtime Environment (17.0.6) (build 17.0.6+0-b2043.56-10027231)
# Java VM: OpenJDK 64-Bit Server VM (17.0.6+0-b2043.56-10027231, mixed mode, tiered, compressed oops, compressed class ptrs, g1 gc, windows-amd64)
GC Precious Log:
 CPUs: 8 total, 8 available
 Memory: 7934M
 Large Page Support: Disabled
 NUMA Support: Disabled
 Compressed Oops: Enabled (32-bit)
 Heap Region Size: 1M
 Heap Min Capacity: 8M
 Heap Initial Capacity: 124M
 Heap Max Capacity: 1984M
 Pre-touch: Disabled
 Parallel Workers: 8
 Concurrent Workers: 2
 Concurrent Refinement Workers: 8
 Periodic GC: Disabled
Heap:
 garbage-first heap   total 65536K, used 46350K [0x0000000084000000, 0x0000000100000000)
  region size 1024K, 11 young (11264K), 2 survivors (2048K)
 Metaspace       used 61504K, committed 61824K, reserved 1105920K
  class space    used 7363K, committed 7488K, reserved 1048576K
GC Heap History (20 events):
Event: 13.966 GC heap before
{Heap before GC invocations=12 (full 0):
 garbage-first heap   total 37888K, used 27594K [0x0000000084000000, 0x0000000100000000)
  region size 1024K, 13 young (13312K), 2 survivors (2048K)
 Metaspace       used 45008K, committed 45248K, reserved 1089536K
  class space    used 5378K, committed 5504K, reserved 1048576K
}
Event: 13.976 GC heap after
{Heap after GC invocations=13 (full 0):
 garbage-first heap   total 37888K, used 18710K [0x0000000084000000, 0x0000000100000000)
  region size 1024K, 2 young (2048K), 2 survivors (2048K)
 Metaspace       used 45008K, committed 45248K, reserved 1089536K
  class space    used 5378K, committed 5504K, reserved 1048576K
}
Event: 14.979 GC heap before
{Heap before GC invocations=13 (full 0):
 garbage-first heap   total 37888K, used 28950K [0x0000000084000000, 0x0000000100000000)
  region size 1024K, 12 young (12288K), 2 survivors (2048K)
 Metaspace       used 48118K, committed 48256K, reserved 1097728K
  class space    used 5757K, committed 5824K, reserved 1048576K
}
Event: 14.987 GC heap after
{Heap after GC invocations=14 (full 0):
 garbage-first heap   total 47104K, used 19402K [0x0000000084000000, 0x0000000100000000)
  region size 1024K, 1 young (1024K), 1 survivors (1024K)
 Metaspace       used 48118K, committed 48256K, reserved 1097728K
  class space    used 5757K, committed 5824K, reserved 1048576K
}
Event: 16.043 GC heap before
{Heap before GC invocations=15 (full 0):
 garbage-first heap   total 47104K, used 36810K [0x0000000084000000, 0x0000000100000000)
  region size 1024K, 17 young (17408K), 1 survivors (1024K)
 Metaspace       used 51723K, committed 51968K, reserved 1097728K
  class space    used 6297K, committed 6464K, reserved 1048576K
}
Event: 16.051 GC heap after
{Heap after GC invocations=16 (full 0):
 garbage-first heap   total 47104K, used 22678K [0x0000000084000000, 0x0000000100000000)
  region size 1024K, 3 young (3072K), 3 survivors (3072K)
 Metaspace       used 51723K, committed 51968K, reserved 1097728K
  class space    used 6297K, committed 6464K, reserved 1048576K
}
Event: 16.319 GC heap before
{Heap before GC invocations=16 (full 0):
 garbage-first heap   total 47104K, used 35990K [0x0000000084000000, 0x0000000100000000)
  region size 1024K, 16 young (16384K), 3 survivors (3072K)
 Metaspace       used 51794K, committed 52096K, reserved 1097728K
  class space    used 6297K, committed 6464K, reserved 1048576K
}
Event: 16.332 GC heap after
{Heap after GC invocations=17 (full 0):
 garbage-first heap   total 47104K, used 27554K [0x0000000084000000, 0x0000000100000000)
  region size 1024K, 2 young (2048K), 2 survivors (2048K)
 Metaspace       used 51794K, committed 52096K, reserved 1097728K
  class space    used 6297K, committed 6464K, reserved 1048576K
}
Event: 17.246 GC heap before
{Heap before GC invocations=17 (full 0):
 garbage-first heap   total 47104K, used 34722K [0x0000000084000000, 0x0000000100000000)
  region size 1024K, 10 young (10240K), 2 survivors (2048K)
 Metaspace       used 52723K, committed 52992K, reserved 1097728K
  class space    used 6386K, committed 6528K, reserved 1048576K
}
Event: 17.255 GC heap after
{Heap after GC invocations=18 (full 0):
 garbage-first heap   total 47104K, used 30355K [0x0000000084000000, 0x0000000100000000)
  region size 1024K, 2 young (2048K), 2 survivors (2048K)
 Metaspace       used 52723K, committed 52992K, reserved 1097728K
  class space    used 6386K, committed 6528K, reserved 1048576K
}
Event: 17.691 GC heap before
{Heap before GC invocations=19 (full 0):
 garbage-first heap   total 53248K, used 36499K [0x0000000084000000, 0x0000000100000000)
  region size 1024K, 8 young (8192K), 2 survivors (2048K)
 Metaspace       used 53937K, committed 54208K, reserved 1097728K
  class space    used 6561K, committed 6720K, reserved 1048576K
}
Event: 17.700 GC heap after
{Heap after GC invocations=20 (full 0):
 garbage-first heap   total 53248K, used 31204K [0x0000000084000000, 0x0000000100000000)
  region size 1024K, 1 young (1024K), 1 survivors (1024K)
 Metaspace       used 53937K, committed 54208K, reserved 1097728K
  class space    used 6561K, committed 6720K, reserved 1048576K
}
Event: 18.426 GC heap before
{Heap before GC invocations=20 (full 0):
 garbage-first heap   total 53248K, used 39396K [0x0000000084000000, 0x0000000100000000)
  region size 1024K, 10 young (10240K), 1 survivors (1024K)
 Metaspace       used 56190K, committed 56448K, reserved 1105920K
  class space    used 6858K, committed 6976K, reserved 1048576K
}
Event: 18.434 GC heap after
{Heap after GC invocations=21 (full 0):
 garbage-first heap   total 53248K, used 32068K [0x0000000084000000, 0x0000000100000000)
  region size 1024K, 2 young (2048K), 2 survivors (2048K)
 Metaspace       used 56190K, committed 56448K, reserved 1105920K
  class space    used 6858K, committed 6976K, reserved 1048576K
}
Event: 18.583 GC heap before
{Heap before GC invocations=22 (full 0):
 garbage-first heap   total 65536K, used 40260K [0x0000000084000000, 0x0000000100000000)
  region size 1024K, 11 young (11264K), 2 survivors (2048K)
 Metaspace       used 56517K, committed 56832K, reserved 1105920K
  class space    used 6890K, committed 7040K, reserved 1048576K
}
Event: 18.593 GC heap after
{Heap after GC invocations=23 (full 0):
 garbage-first heap   total 65536K, used 34907K [0x0000000084000000, 0x0000000100000000)
  region size 1024K, 2 young (2048K), 2 survivors (2048K)
 Metaspace       used 56517K, committed 56832K, reserved 1105920K
  class space    used 6890K, committed 7040K, reserved 1048576K
}
Event: 19.779 GC heap before
{Heap before GC invocations=23 (full 0):
 garbage-first heap   total 65536K, used 48219K [0x0000000084000000, 0x0000000100000000)
  region size 1024K, 15 young (15360K), 2 survivors (2048K)
 Metaspace       used 58875K, committed 59200K, reserved 1105920K
  class space    used 7191K, committed 7360K, reserved 1048576K
}
Event: 19.791 GC heap after
{Heap after GC invocations=24 (full 0):
 garbage-first heap   total 65536K, used 36755K [0x0000000084000000, 0x0000000100000000)
  region size 1024K, 2 young (2048K), 2 survivors (2048K)
 Metaspace       used 58875K, committed 59200K, reserved 1105920K
  class space    used 7191K, committed 7360K, reserved 1048576K
}
Event: 21.847 GC heap before
{Heap before GC invocations=25 (full 0):
 garbage-first heap   total 65536K, used 48019K [0x0000000084000000, 0x0000000100000000)
  region size 1024K, 14 young (14336K), 2 survivors (2048K)
 Metaspace       used 60451K, committed 60736K, reserved 1105920K
  class space    used 7312K, committed 7488K, reserved 1048576K
}
Event: 21.858 GC heap after
{Heap after GC invocations=26 (full 0):
 garbage-first heap   total 65536K, used 38158K [0x0000000084000000, 0x0000000100000000)
  region size 1024K, 2 young (2048K), 2 survivors (2048K)
 Metaspace       used 60451K, committed 60736K, reserved 1105920K
  class space    used 7312K, committed 7488K, reserved 1048576K
}

