# JRE version: OpenJDK Runtime Environment (17.0.6) (build 17.0.6+0-b2043.56-10027231)
# Java VM: OpenJDK 64-Bit Server VM (17.0.6+0-b2043.56-10027231, mixed mode, tiered, compressed oops, compressed class ptrs, g1 gc, windows-amd64)
GC Precious Log:
 CPUs: 8 total, 8 available
 Memory: 7934M
 Large Page Support: Disabled
 NUMA Support: Disabled
 Compressed Oops: Enabled (32-bit)
 Heap Region Size: 1M
 Heap Min Capacity: 8M
 Heap Initial Capacity: 124M
 Heap Max Capacity: 1984M
 Pre-touch: Disabled
 Parallel Workers: 8
 Concurrent Workers: 2
 Concurrent Refinement Workers: 8
 Periodic GC: Disabled
Heap:
 garbage-first heap   total 95232K, used 42162K [0x0000000084000000, 0x0000000100000000)
  region size 1024K, 4 young (4096K), 2 survivors (2048K)
 Metaspace       used 62083K, committed 62336K, reserved 1105920K
  class space    used 7164K, committed 7296K, reserved 1048576K
GC Heap History (20 events):
Event: 14.744 GC heap before
{Heap before GC invocations=9 (full 0):
 garbage-first heap   total 29696K, used 20145K [0x0000000084000000, 0x0000000100000000)
  region size 1024K, 8 young (8192K), 2 survivors (2048K)
 Metaspace       used 34849K, committed 35008K, reserved 1081344K
  class space    used 4312K, committed 4416K, reserved 1048576K
}
Event: 14.748 GC heap after
{Heap after GC invocations=10 (full 0):
 garbage-first heap   total 29696K, used 15160K [0x0000000084000000, 0x0000000100000000)
  region size 1024K, 1 young (1024K), 1 survivors (1024K)
 Metaspace       used 34849K, committed 35008K, reserved 1081344K
  class space    used 4312K, committed 4416K, reserved 1048576K
}
Event: 15.162 GC heap before
{Heap before GC invocations=11 (full 0):
 garbage-first heap   total 29696K, used 21304K [0x0000000084000000, 0x0000000100000000)
  region size 1024K, 8 young (8192K), 1 survivors (1024K)
 Metaspace       used 36391K, committed 36672K, reserved 1081344K
  class space    used 4504K, committed 4608K, reserved 1048576K
}
Event: 15.165 GC heap after
{Heap after GC invocations=12 (full 0):
 garbage-first heap   total 29696K, used 15438K [0x0000000084000000, 0x0000000100000000)
  region size 1024K, 1 young (1024K), 1 survivors (1024K)
 Metaspace       used 36391K, committed 36672K, reserved 1081344K
  class space    used 4504K, committed 4608K, reserved 1048576K
}
Event: 15.213 GC heap before
{Heap before GC invocations=12 (full 0):
 garbage-first heap   total 29696K, used 16462K [0x0000000084000000, 0x0000000100000000)
  region size 1024K, 2 young (2048K), 1 survivors (1024K)
 Metaspace       used 36722K, committed 36992K, reserved 1089536K
  class space    used 4542K, committed 4672K, reserved 1048576K
}
Event: 15.218 GC heap after
{Heap after GC invocations=13 (full 0):
 garbage-first heap   total 29696K, used 15274K [0x0000000084000000, 0x0000000100000000)
  region size 1024K, 1 young (1024K), 1 survivors (1024K)
 Metaspace       used 36722K, committed 36992K, reserved 1089536K
  class space    used 4542K, committed 4672K, reserved 1048576K
}
Event: 15.746 GC heap before
{Heap before GC invocations=13 (full 0):
 garbage-first heap   total 29696K, used 21418K [0x0000000084000000, 0x0000000100000000)
  region size 1024K, 8 young (8192K), 1 survivors (1024K)
 Metaspace       used 38878K, committed 39104K, reserved 1089536K
  class space    used 4735K, committed 4864K, reserved 1048576K
}
Event: 15.750 GC heap after
{Heap after GC invocations=14 (full 0):
 garbage-first heap   total 29696K, used 15548K [0x0000000084000000, 0x0000000100000000)
  region size 1024K, 1 young (1024K), 1 survivors (1024K)
 Metaspace       used 38878K, committed 39104K, reserved 1089536K
  class space    used 4735K, committed 4864K, reserved 1048576K
}
Event: 16.006 GC heap before
{Heap before GC invocations=15 (full 0):
 garbage-first heap   total 29696K, used 21692K [0x0000000084000000, 0x0000000100000000)
  region size 1024K, 8 young (8192K), 1 survivors (1024K)
 Metaspace       used 40832K, committed 41088K, reserved 1089536K
  class space    used 4939K, committed 5056K, reserved 1048576K
}
Event: 16.011 GC heap after
{Heap after GC invocations=16 (full 0):
 garbage-first heap   total 78848K, used 15822K [0x0000000084000000, 0x0000000100000000)
  region size 1024K, 1 young (1024K), 1 survivors (1024K)
 Metaspace       used 40832K, committed 41088K, reserved 1089536K
  class space    used 4939K, committed 5056K, reserved 1048576K
}
Event: 18.036 GC heap before
{Heap before GC invocations=16 (full 0):
 garbage-first heap   total 78848K, used 59854K [0x0000000084000000, 0x0000000100000000)
  region size 1024K, 43 young (44032K), 1 survivors (1024K)
 Metaspace       used 48225K, committed 48448K, reserved 1097728K
  class space    used 5751K, committed 5824K, reserved 1048576K
}
Event: 18.059 GC heap after
{Heap after GC invocations=17 (full 0):
 garbage-first heap   total 78848K, used 23214K [0x0000000084000000, 0x0000000100000000)
  region size 1024K, 6 young (6144K), 6 survivors (6144K)
 Metaspace       used 48225K, committed 48448K, reserved 1097728K
  class space    used 5751K, committed 5824K, reserved 1048576K
}
Event: 20.749 GC heap before
{Heap before GC invocations=17 (full 0):
 garbage-first heap   total 78848K, used 58030K [0x0000000084000000, 0x0000000100000000)
  region size 1024K, 40 young (40960K), 6 survivors (6144K)
 Metaspace       used 51399K, committed 51648K, reserved 1097728K
  class space    used 6125K, committed 6208K, reserved 1048576K
}
Event: 20.774 GC heap after
{Heap after GC invocations=18 (full 0):
 garbage-first heap   total 78848K, used 31791K [0x0000000084000000, 0x0000000100000000)
  region size 1024K, 5 young (5120K), 5 survivors (5120K)
 Metaspace       used 51399K, committed 51648K, reserved 1097728K
  class space    used 6125K, committed 6208K, reserved 1048576K
}
Event: 22.691 GC heap before
{Heap before GC invocations=18 (full 0):
 garbage-first heap   total 78848K, used 57391K [0x0000000084000000, 0x0000000100000000)
  region size 1024K, 30 young (30720K), 5 survivors (5120K)
 Metaspace       used 52602K, committed 52928K, reserved 1097728K
  class space    used 6215K, committed 6336K, reserved 1048576K
}
Event: 22.719 GC heap after
{Heap after GC invocations=19 (full 0):
 garbage-first heap   total 78848K, used 37822K [0x0000000084000000, 0x0000000100000000)
  region size 1024K, 4 young (4096K), 4 survivors (4096K)
 Metaspace       used 52602K, committed 52928K, reserved 1097728K
  class space    used 6215K, committed 6336K, reserved 1048576K
}
Event: 24.271 GC heap before
{Heap before GC invocations=19 (full 0):
 garbage-first heap   total 78848K, used 58302K [0x0000000084000000, 0x0000000100000000)
  region size 1024K, 25 young (25600K), 4 survivors (4096K)
 Metaspace       used 57408K, committed 57728K, reserved 1105920K
  class space    used 6719K, committed 6848K, reserved 1048576K
}
Event: 24.302 GC heap after
{Heap after GC invocations=20 (full 0):
 garbage-first heap   total 78848K, used 41245K [0x0000000084000000, 0x0000000100000000)
  region size 1024K, 3 young (3072K), 3 survivors (3072K)
 Metaspace       used 57408K, committed 57728K, reserved 1105920K
  class space    used 6719K, committed 6848K, reserved 1048576K
}
Event: 25.655 GC heap before
{Heap before GC invocations=20 (full 0):
 garbage-first heap   total 78848K, used 59677K [0x0000000084000000, 0x0000000100000000)
  region size 1024K, 22 young (22528K), 3 survivors (3072K)
 Metaspace       used 61722K, committed 61952K, reserved 1105920K
  class space    used 7139K, committed 7232K, reserved 1048576K
}
Event: 25.667 GC heap after
{Heap after GC invocations=21 (full 0):
 garbage-first heap   total 95232K, used 42162K [0x0000000084000000, 0x0000000100000000)
  region size 1024K, 2 young (2048K), 2 survivors (2048K)
 Metaspace       used 61722K, committed 61952K, reserved 1105920K
  class space    used 7139K, committed 7232K, reserved 1048576K
}

