# JRE version: OpenJDK Runtime Environment (17.0.6) (build 17.0.6+0-b2043.56-10027231)
# Java VM: OpenJDK 64-Bit Server VM (17.0.6+0-b2043.56-10027231, mixed mode, tiered, compressed oops, compressed class ptrs, g1 gc, windows-amd64)
GC Precious Log:
 CPUs: 8 total, 8 available
 Memory: 7934M
 Large Page Support: Disabled
 NUMA Support: Disabled
 Compressed Oops: Enabled (32-bit)
 Heap Region Size: 1M
 Heap Min Capacity: 8M
 Heap Initial Capacity: 124M
 Heap Max Capacity: 1536M
 Pre-touch: Disabled
 Parallel Workers: 8
 Concurrent Workers: 2
 Concurrent Refinement Workers: 8
 Periodic GC: Disabled
Heap:
 garbage-first heap   total 290816K, used 201286K [0x00000000a0000000, 0x0000000100000000)
  region size 1024K, 23 young (23552K), 5 survivors (5120K)
 Metaspace       used 106747K, committed 107904K, reserved 1146880K
  class space    used 14428K, committed 14912K, reserved 1048576K
GC Heap History (20 events):
Event: 19.177 GC heap before
{Heap before GC invocations=45 (full 0):
 garbage-first heap   total 142336K, used 107630K [0x00000000a0000000, 0x0000000100000000)
  region size 1024K, 33 young (33792K), 2 survivors (2048K)
 Metaspace       used 78201K, committed 78848K, reserved 1122304K
  class space    used 10345K, committed 10624K, reserved 1048576K
}
Event: 19.183 GC heap after
{Heap after GC invocations=46 (full 0):
 garbage-first heap   total 142336K, used 78938K [0x00000000a0000000, 0x0000000100000000)
  region size 1024K, 5 young (5120K), 5 survivors (5120K)
 Metaspace       used 78201K, committed 78848K, reserved 1122304K
  class space    used 10345K, committed 10624K, reserved 1048576K
}
Event: 19.203 GC heap before
{Heap before GC invocations=46 (full 0):
 garbage-first heap   total 142336K, used 79962K [0x00000000a0000000, 0x0000000100000000)
  region size 1024K, 6 young (6144K), 5 survivors (5120K)
 Metaspace       used 78365K, committed 78976K, reserved 1122304K
  class space    used 10360K, committed 10624K, reserved 1048576K
}
Event: 19.208 GC heap after
{Heap after GC invocations=47 (full 0):
 garbage-first heap   total 290816K, used 79124K [0x00000000a0000000, 0x0000000100000000)
  region size 1024K, 1 young (1024K), 1 survivors (1024K)
 Metaspace       used 78365K, committed 78976K, reserved 1122304K
  class space    used 10360K, committed 10624K, reserved 1048576K
}
Event: 20.852 GC heap before
{Heap before GC invocations=47 (full 0):
 garbage-first heap   total 290816K, used 185620K [0x00000000a0000000, 0x0000000100000000)
  region size 1024K, 105 young (107520K), 1 survivors (1024K)
 Metaspace       used 86527K, committed 87168K, reserved 1130496K
  class space    used 11744K, committed 12032K, reserved 1048576K
}
Event: 20.862 GC heap after
{Heap after GC invocations=48 (full 0):
 garbage-first heap   total 290816K, used 86840K [0x00000000a0000000, 0x0000000100000000)
  region size 1024K, 9 young (9216K), 9 survivors (9216K)
 Metaspace       used 86527K, committed 87168K, reserved 1130496K
  class space    used 11744K, committed 12032K, reserved 1048576K
}
Event: 28.298 GC heap before
{Heap before GC invocations=48 (full 0):
 garbage-first heap   total 290816K, used 224056K [0x00000000a0000000, 0x0000000100000000)
  region size 1024K, 138 young (141312K), 9 survivors (9216K)
 Metaspace       used 90508K, committed 91392K, reserved 1130496K
  class space    used 12314K, committed 12672K, reserved 1048576K
}
Event: 28.321 GC heap after
{Heap after GC invocations=49 (full 0):
 garbage-first heap   total 290816K, used 109124K [0x00000000a0000000, 0x0000000100000000)
  region size 1024K, 18 young (18432K), 18 survivors (18432K)
 Metaspace       used 90508K, committed 91392K, reserved 1130496K
  class space    used 12314K, committed 12672K, reserved 1048576K
}
Event: 35.998 GC heap before
{Heap before GC invocations=49 (full 0):
 garbage-first heap   total 290816K, used 218692K [0x00000000a0000000, 0x0000000100000000)
  region size 1024K, 126 young (129024K), 18 survivors (18432K)
 Metaspace       used 91633K, committed 92672K, reserved 1130496K
  class space    used 12440K, committed 12864K, reserved 1048576K
}
Event: 36.027 GC heap after
{Heap after GC invocations=50 (full 0):
 garbage-first heap   total 290816K, used 121784K [0x00000000a0000000, 0x0000000100000000)
  region size 1024K, 14 young (14336K), 14 survivors (14336K)
 Metaspace       used 91633K, committed 92672K, reserved 1130496K
  class space    used 12440K, committed 12864K, reserved 1048576K
}
Event: 39.966 GC heap before
{Heap before GC invocations=50 (full 0):
 garbage-first heap   total 290816K, used 227256K [0x00000000a0000000, 0x0000000100000000)
  region size 1024K, 113 young (115712K), 14 survivors (14336K)
 Metaspace       used 95295K, committed 96384K, reserved 1138688K
  class space    used 12982K, committed 13440K, reserved 1048576K
}
Event: 39.986 GC heap after
{Heap after GC invocations=51 (full 0):
 garbage-first heap   total 290816K, used 142632K [0x00000000a0000000, 0x0000000100000000)
  region size 1024K, 15 young (15360K), 15 survivors (15360K)
 Metaspace       used 95295K, committed 96384K, reserved 1138688K
  class space    used 12982K, committed 13440K, reserved 1048576K
}
Event: 41.469 GC heap before
{Heap before GC invocations=51 (full 0):
 garbage-first heap   total 290816K, used 225576K [0x00000000a0000000, 0x0000000100000000)
  region size 1024K, 96 young (98304K), 15 survivors (15360K)
 Metaspace       used 101796K, committed 102912K, reserved 1138688K
  class space    used 13812K, committed 14272K, reserved 1048576K
}
Event: 41.488 GC heap after
{Heap after GC invocations=52 (full 0):
 garbage-first heap   total 290816K, used 152197K [0x00000000a0000000, 0x0000000100000000)
  region size 1024K, 9 young (9216K), 9 survivors (9216K)
 Metaspace       used 101796K, committed 102912K, reserved 1138688K
  class space    used 13812K, committed 14272K, reserved 1048576K
}
Event: 42.396 GC heap before
{Heap before GC invocations=52 (full 0):
 garbage-first heap   total 290816K, used 227973K [0x00000000a0000000, 0x0000000100000000)
  region size 1024K, 84 young (86016K), 9 survivors (9216K)
 Metaspace       used 102862K, committed 104064K, reserved 1138688K
  class space    used 13945K, committed 14464K, reserved 1048576K
}
Event: 42.418 GC heap after
{Heap after GC invocations=53 (full 0):
 garbage-first heap   total 290816K, used 169290K [0x00000000a0000000, 0x0000000100000000)
  region size 1024K, 11 young (11264K), 11 survivors (11264K)
 Metaspace       used 102862K, committed 104064K, reserved 1138688K
  class space    used 13945K, committed 14464K, reserved 1048576K
}
Event: 43.032 GC heap before
{Heap before GC invocations=53 (full 0):
 garbage-first heap   total 290816K, used 228682K [0x00000000a0000000, 0x0000000100000000)
  region size 1024K, 70 young (71680K), 11 survivors (11264K)
 Metaspace       used 104498K, committed 105664K, reserved 1146880K
  class space    used 14138K, committed 14656K, reserved 1048576K
}
Event: 43.052 GC heap after
{Heap after GC invocations=54 (full 0):
 garbage-first heap   total 290816K, used 178417K [0x00000000a0000000, 0x0000000100000000)
  region size 1024K, 9 young (9216K), 9 survivors (9216K)
 Metaspace       used 104498K, committed 105664K, reserved 1146880K
  class space    used 14138K, committed 14656K, reserved 1048576K
}
Event: 44.379 GC heap before
{Heap before GC invocations=54 (full 0):
 garbage-first heap   total 290816K, used 234737K [0x00000000a0000000, 0x0000000100000000)
  region size 1024K, 64 young (65536K), 9 survivors (9216K)
 Metaspace       used 106156K, committed 107392K, reserved 1146880K
  class space    used 14335K, committed 14848K, reserved 1048576K
}
Event: 44.391 GC heap after
{Heap after GC invocations=55 (full 0):
 garbage-first heap   total 290816K, used 183878K [0x00000000a0000000, 0x0000000100000000)
  region size 1024K, 5 young (5120K), 5 survivors (5120K)
 Metaspace       used 106156K, committed 107392K, reserved 1146880K
  class space    used 14335K, committed 14848K, reserved 1048576K
}

