# JRE version: OpenJDK Runtime Environment (17.0.6) (build 17.0.6+0-b2043.56-10027231)
# Java VM: OpenJDK 64-Bit Server VM (17.0.6+0-b2043.56-10027231, mixed mode, tiered, compressed oops, compressed class ptrs, g1 gc, windows-amd64)
GC Precious Log:
 CPUs: 8 total, 8 available
 Memory: 7934M
 Large Page Support: Disabled
 NUMA Support: Disabled
 Compressed Oops: Enabled (32-bit)
 Heap Region Size: 1M
 Heap Min Capacity: 8M
 Heap Initial Capacity: 124M
 Heap Max Capacity: 1984M
 Pre-touch: Disabled
 Parallel Workers: 8
 Concurrent Workers: 2
 Concurrent Refinement Workers: 8
 Periodic GC: Disabled
Heap:
 garbage-first heap   total 78848K, used 48038K [0x0000000084000000, 0x0000000100000000)
  region size 1024K, 7 young (7168K), 1 survivors (1024K)
 Metaspace       used 56982K, committed 57216K, reserved 1105920K
  class space    used 6556K, committed 6656K, reserved 1048576K
GC Heap History (20 events):
Event: 15.077 GC heap before
{Heap before GC invocations=11 (full 0):
 garbage-first heap   total 29696K, used 21907K [0x0000000084000000, 0x0000000100000000)
  region size 1024K, 9 young (9216K), 1 survivors (1024K)
 Metaspace       used 37991K, committed 38208K, reserved 1089536K
  class space    used 4610K, committed 4736K, reserved 1048576K
}
Event: 15.082 GC heap after
{Heap after GC invocations=12 (full 0):
 garbage-first heap   total 29696K, used 15328K [0x0000000084000000, 0x0000000100000000)
  region size 1024K, 2 young (2048K), 2 survivors (2048K)
 Metaspace       used 37991K, committed 38208K, reserved 1089536K
  class space    used 4610K, committed 4736K, reserved 1048576K
}
Event: 15.454 GC heap before
{Heap before GC invocations=12 (full 0):
 garbage-first heap   total 29696K, used 22496K [0x0000000084000000, 0x0000000100000000)
  region size 1024K, 9 young (9216K), 2 survivors (2048K)
 Metaspace       used 39973K, committed 40192K, reserved 1089536K
  class space    used 4825K, committed 4928K, reserved 1048576K
}
Event: 15.458 GC heap after
{Heap after GC invocations=13 (full 0):
 garbage-first heap   total 29696K, used 15871K [0x0000000084000000, 0x0000000100000000)
  region size 1024K, 2 young (2048K), 2 survivors (2048K)
 Metaspace       used 39973K, committed 40192K, reserved 1089536K
  class space    used 4825K, committed 4928K, reserved 1048576K
}
Event: 15.713 GC heap before
{Heap before GC invocations=14 (full 0):
 garbage-first heap   total 29696K, used 22015K [0x0000000084000000, 0x0000000100000000)
  region size 1024K, 9 young (9216K), 2 survivors (2048K)
 Metaspace       used 41626K, committed 41856K, reserved 1089536K
  class space    used 4997K, committed 5120K, reserved 1048576K
}
Event: 15.720 GC heap after
{Heap after GC invocations=15 (full 0):
 garbage-first heap   total 29696K, used 16282K [0x0000000084000000, 0x0000000100000000)
  region size 1024K, 1 young (1024K), 1 survivors (1024K)
 Metaspace       used 41626K, committed 41856K, reserved 1089536K
  class space    used 4997K, committed 5120K, reserved 1048576K
}
Event: 16.063 GC heap before
{Heap before GC invocations=15 (full 0):
 garbage-first heap   total 29696K, used 22426K [0x0000000084000000, 0x0000000100000000)
  region size 1024K, 8 young (8192K), 1 survivors (1024K)
 Metaspace       used 43230K, committed 43456K, reserved 1089536K
  class space    used 5203K, committed 5312K, reserved 1048576K
}
Event: 16.077 GC heap after
{Heap after GC invocations=16 (full 0):
 garbage-first heap   total 29696K, used 16848K [0x0000000084000000, 0x0000000100000000)
  region size 1024K, 1 young (1024K), 1 survivors (1024K)
 Metaspace       used 43230K, committed 43456K, reserved 1089536K
  class space    used 5203K, committed 5312K, reserved 1048576K
}
Event: 16.373 GC heap before
{Heap before GC invocations=17 (full 0):
 garbage-first heap   total 30720K, used 21968K [0x0000000084000000, 0x0000000100000000)
  region size 1024K, 7 young (7168K), 1 survivors (1024K)
 Metaspace       used 44729K, committed 44928K, reserved 1089536K
  class space    used 5361K, committed 5440K, reserved 1048576K
}
Event: 16.378 GC heap after
{Heap after GC invocations=18 (full 0):
 garbage-first heap   total 78848K, used 17183K [0x0000000084000000, 0x0000000100000000)
  region size 1024K, 1 young (1024K), 1 survivors (1024K)
 Metaspace       used 44729K, committed 44928K, reserved 1089536K
  class space    used 5361K, committed 5440K, reserved 1048576K
}
Event: 17.879 GC heap before
{Heap before GC invocations=18 (full 0):
 garbage-first heap   total 78848K, used 60191K [0x0000000084000000, 0x0000000100000000)
  region size 1024K, 42 young (43008K), 1 survivors (1024K)
 Metaspace       used 47359K, committed 47616K, reserved 1097728K
  class space    used 5626K, committed 5760K, reserved 1048576K
}
Event: 17.906 GC heap after
{Heap after GC invocations=19 (full 0):
 garbage-first heap   total 78848K, used 30116K [0x0000000084000000, 0x0000000100000000)
  region size 1024K, 6 young (6144K), 6 survivors (6144K)
 Metaspace       used 47359K, committed 47616K, reserved 1097728K
  class space    used 5626K, committed 5760K, reserved 1048576K
}
Event: 20.200 GC heap before
{Heap before GC invocations=19 (full 0):
 garbage-first heap   total 78848K, used 54692K [0x0000000084000000, 0x0000000100000000)
  region size 1024K, 31 young (31744K), 6 survivors (6144K)
 Metaspace       used 51992K, committed 52288K, reserved 1097728K
  class space    used 6173K, committed 6272K, reserved 1048576K
}
Event: 20.225 GC heap after
{Heap after GC invocations=20 (full 0):
 garbage-first heap   total 78848K, used 34134K [0x0000000084000000, 0x0000000100000000)
  region size 1024K, 4 young (4096K), 4 survivors (4096K)
 Metaspace       used 51992K, committed 52288K, reserved 1097728K
  class space    used 6173K, committed 6272K, reserved 1048576K
}
Event: 23.481 GC heap before
{Heap before GC invocations=20 (full 0):
 garbage-first heap   total 78848K, used 58710K [0x0000000084000000, 0x0000000100000000)
  region size 1024K, 28 young (28672K), 4 survivors (4096K)
 Metaspace       used 53981K, committed 54208K, reserved 1097728K
  class space    used 6290K, committed 6400K, reserved 1048576K
}
Event: 23.509 GC heap after
{Heap after GC invocations=21 (full 0):
 garbage-first heap   total 78848K, used 39334K [0x0000000084000000, 0x0000000100000000)
  region size 1024K, 4 young (4096K), 4 survivors (4096K)
 Metaspace       used 53981K, committed 54208K, reserved 1097728K
  class space    used 6290K, committed 6400K, reserved 1048576K
}
Event: 24.508 GC heap before
{Heap before GC invocations=21 (full 0):
 garbage-first heap   total 78848K, used 59814K [0x0000000084000000, 0x0000000100000000)
  region size 1024K, 24 young (24576K), 4 survivors (4096K)
 Metaspace       used 54497K, committed 54784K, reserved 1097728K
  class space    used 6300K, committed 6400K, reserved 1048576K
}
Event: 24.537 GC heap after
{Heap after GC invocations=22 (full 0):
 garbage-first heap   total 78848K, used 43942K [0x0000000084000000, 0x0000000100000000)
  region size 1024K, 3 young (3072K), 3 survivors (3072K)
 Metaspace       used 54497K, committed 54784K, reserved 1097728K
  class space    used 6300K, committed 6400K, reserved 1048576K
}
Event: 25.296 GC heap before
{Heap before GC invocations=23 (full 0):
 garbage-first heap   total 78848K, used 60326K [0x0000000084000000, 0x0000000100000000)
  region size 1024K, 20 young (20480K), 3 survivors (3072K)
 Metaspace       used 55574K, committed 55872K, reserved 1105920K
  class space    used 6391K, committed 6528K, reserved 1048576K
}
Event: 25.309 GC heap after
{Heap after GC invocations=24 (full 0):
 garbage-first heap   total 78848K, used 43942K [0x0000000084000000, 0x0000000100000000)
  region size 1024K, 1 young (1024K), 1 survivors (1024K)
 Metaspace       used 55574K, committed 55872K, reserved 1105920K
  class space    used 6391K, committed 6528K, reserved 1048576K
}

